<?xml version="1.0" encoding="UTF-8"?>
<testng-results ignored="0" total="1" passed="1" failed="0" skipped="0">
  <reporter-output>
  </reporter-output>
  <suite started-at="2022-04-13T04:43:17 IST" name="Default suite" finished-at="2022-04-13T04:44:05 IST" duration-ms="48611">
    <groups>
    </groups>
    <test started-at="2022-04-13T04:43:17 IST" name="Default test" finished-at="2022-04-13T04:44:05 IST" duration-ms="48611">
      <class name="TestCases.VerifySignUp">
        <test-method is-config="true" signature="launchbrowser()[pri:0, instance:TestCases.VerifySignUp@3427b02d]" started-at="2022-04-13T04:43:17 IST" name="launchbrowser" finished-at="2022-04-13T04:43:35 IST" duration-ms="18498" status="PASS">
          <reporter-output>
          </reporter-output>
        </test-method> <!-- launchbrowser -->
        <test-method signature="enterdetails()[pri:0, instance:TestCases.VerifySignUp@3427b02d]" started-at="2022-04-13T04:43:35 IST" name="enterdetails" finished-at="2022-04-13T04:44:05 IST" duration-ms="29915" status="PASS">
          <reporter-output>
          </reporter-output>
        </test-method> <!-- enterdetails -->
      </class> <!-- TestCases.VerifySignUp -->
    </test> <!-- Default test -->
  </suite> <!-- Default suite -->
</testng-results>
